[Sun Feb 02 19:25:56.202442 2020] [ssl:warn] [pid 10540:tid 652] AH01909: www.example.com:443:0 server certificate does NOT include an ID which matches the server name
[Sun Feb 02 19:25:56.252025 2020] [ssl:warn] [pid 10540:tid 652] AH01909: www.example.com:443:0 server certificate does NOT include an ID which matches the server name
PHP Warning:  PHP Startup: Unable to load dynamic library 'pdo_sqlite' (tried: \\xampp\\php\\ext\\pdo_sqlite (The specified module could not be found.), \\xampp\\php\\ext\\php_pdo_sqlite.dll (The specified module could not be found.)) in Unknown on line 0
[Sun Feb 02 19:25:56.292917 2020] [mpm_winnt:notice] [pid 10540:tid 652] AH00455: Apache/2.4.41 (Win64) OpenSSL/1.1.1c PHP/7.4.1 configured -- resuming normal operations
[Sun Feb 02 19:25:56.293915 2020] [mpm_winnt:notice] [pid 10540:tid 652] AH00456: Apache Lounge VC15 Server built: Aug 11 2019 12:20:04
[Sun Feb 02 19:25:56.293915 2020] [core:notice] [pid 10540:tid 652] AH00094: Command line: 'C:\\xampp\\apache\\bin\\httpd.exe -d C:/xampp/apache'
[Sun Feb 02 19:25:56.299043 2020] [mpm_winnt:notice] [pid 10540:tid 652] AH00418: Parent: Created child process 2236
[Sun Feb 02 19:25:56.982371 2020] [ssl:warn] [pid 2236:tid 664] AH01909: www.example.com:443:0 server certificate does NOT include an ID which matches the server name
[Sun Feb 02 19:25:57.030241 2020] [ssl:warn] [pid 2236:tid 664] AH01909: www.example.com:443:0 server certificate does NOT include an ID which matches the server name
PHP Warning:  PHP Startup: Unable to load dynamic library 'pdo_sqlite' (tried: \\xampp\\php\\ext\\pdo_sqlite (The specified module could not be found.), \\xampp\\php\\ext\\php_pdo_sqlite.dll (The specified module could not be found.)) in Unknown on line 0
[Sun Feb 02 19:25:57.074125 2020] [mpm_winnt:notice] [pid 2236:tid 664] AH00354: Child: Starting 150 worker threads.
[Sun Feb 02 19:29:12.488231 2020] [ssl:warn] [pid 5508:tid 716] AH01909: www.example.com:443:0 server certificate does NOT include an ID which matches the server name
[Sun Feb 02 19:29:12.560599 2020] [ssl:warn] [pid 5508:tid 716] AH01909: www.example.com:443:0 server certificate does NOT include an ID which matches the server name
PHP Warning:  PHP Startup: Unable to load dynamic library 'pdo_sqlite' (tried: C:\\xampp\\php\\ext\\pdo_sqlite (The specified module could not be found.), C:\\xampp\\php\\ext\\php_pdo_sqlite.dll (The specified module could not be found.)) in Unknown on line 0
[Sun Feb 02 19:29:12.697078 2020] [mpm_winnt:notice] [pid 5508:tid 716] AH00455: Apache/2.4.41 (Win64) OpenSSL/1.1.1c PHP/7.4.1 configured -- resuming normal operations
[Sun Feb 02 19:29:12.697078 2020] [mpm_winnt:notice] [pid 5508:tid 716] AH00456: Apache Lounge VC15 Server built: Aug 11 2019 12:20:04
[Sun Feb 02 19:29:12.697336 2020] [core:notice] [pid 5508:tid 716] AH00094: Command line: 'c:\\xampp\\apache\\bin\\httpd.exe -d C:/xampp/apache'
[Sun Feb 02 19:29:12.704111 2020] [mpm_winnt:notice] [pid 5508:tid 716] AH00418: Parent: Created child process 10720
[Sun Feb 02 19:29:13.643244 2020] [ssl:warn] [pid 10720:tid 704] AH01909: www.example.com:443:0 server certificate does NOT include an ID which matches the server name
[Sun Feb 02 19:29:13.695380 2020] [ssl:warn] [pid 10720:tid 704] AH01909: www.example.com:443:0 server certificate does NOT include an ID which matches the server name
PHP Warning:  PHP Startup: Unable to load dynamic library 'pdo_sqlite' (tried: C:\\xampp\\php\\ext\\pdo_sqlite (The specified module could not be found.), C:\\xampp\\php\\ext\\php_pdo_sqlite.dll (The specified module could not be found.)) in Unknown on line 0
[Sun Feb 02 19:29:13.786629 2020] [mpm_winnt:notice] [pid 10720:tid 704] AH00354: Child: Starting 150 worker threads.
